{
  "stats": {
    "suites": 4,
    "tests": 4,
    "passes": 4,
    "pending": 0,
    "failures": 0,
    "start": "2025-10-21T07:38:52.881Z",
    "end": "2025-10-21T07:38:53.701Z",
    "duration": 820,
    "testsRegistered": 4,
    "passPercent": 100,
    "pendingPercent": 0,
    "other": 0,
    "hasOther": false,
    "skipped": 0,
    "hasSkipped": false
  },
  "results": [
    {
      "uuid": "5565e421-c8d5-4c75-8c11-4ec0f63221b3",
      "title": "",
      "fullFile": "",
      "file": "",
      "beforeHooks": [],
      "afterHooks": [],
      "tests": [],
      "suites": [
        {
          "uuid": "b890d61f-4114-4868-b361-b25ca2563230",
          "title": "DELETE - Delete user",
          "fullFile": "/Users/putristphn/Documents/qa-engineer/digital-skola/APIAutomationReqres/tests/deleteUser.test.js",
          "file": "/tests/deleteUser.test.js",
          "beforeHooks": [],
          "afterHooks": [],
          "tests": [
            {
              "title": "should return 204 with empty body",
              "fullTitle": "DELETE - Delete user should return 204 with empty body",
              "timedOut": false,
              "duration": 343,
              "state": "passed",
              "speed": "slow",
              "pass": true,
              "fail": false,
              "pending": false,
              "context": null,
              "code": "const res = await fetch(\"https://reqres.in/api/users/2\", {\n  method: \"DELETE\",\n  headers: {\n    \"Accept\": \"application/json\",\n    \"x-api-key\": \"reqres-free-v1\"\n  }\n});\nconst text = await res.text();     // 204 => empty string\nexpect(res.status).to.equal(204);\nexpect(text).to.equal(\"\");",
              "err": {},
              "uuid": "1ef52b6a-a688-4522-9528-1dbfd191f18f",
              "parentUUID": "b890d61f-4114-4868-b361-b25ca2563230",
              "isHook": false,
              "skipped": false
            }
          ],
          "suites": [],
          "passes": [
            "1ef52b6a-a688-4522-9528-1dbfd191f18f"
          ],
          "failures": [],
          "pending": [],
          "skipped": [],
          "duration": 343,
          "root": false,
          "rootEmpty": false,
          "_timeout": 10000
        },
        {
          "uuid": "b5eabfe7-a381-48c0-90d1-967f677f2c77",
          "title": "POST - Register user",
          "fullFile": "/Users/putristphn/Documents/qa-engineer/digital-skola/APIAutomationReqres/tests/registerUser.test.js",
          "file": "/tests/registerUser.test.js",
          "beforeHooks": [],
          "afterHooks": [],
          "tests": [
            {
              "title": "should register a user successfully and return id & token",
              "fullTitle": "POST - Register user should register a user successfully and return id & token",
              "timedOut": false,
              "duration": 222,
              "state": "passed",
              "speed": "slow",
              "pass": true,
              "fail": false,
              "pending": false,
              "context": null,
              "code": "const response = await fetch(\"https://reqres.in/api/register\", {\n  method: \"POST\",\n  headers: {\n    \"Content-Type\": \"application/json\",\n    \"x-api-key\": \"reqres-free-v1\"\n  },\n  body: JSON.stringify({\n    email: \"eve.holt@reqres.in\",\n    password: \"pistol\"\n  })\n});\nconst data = await response.json();\nexpect(response.status).to.equal(200);\nexpect(data).to.have.property(\"id\");\nexpect(data).to.have.property(\"token\");",
              "err": {},
              "uuid": "5545cf69-9e1e-4b09-b32a-ffc4c0fe9e32",
              "parentUUID": "b5eabfe7-a381-48c0-90d1-967f677f2c77",
              "isHook": false,
              "skipped": false
            }
          ],
          "suites": [],
          "passes": [
            "5545cf69-9e1e-4b09-b32a-ffc4c0fe9e32"
          ],
          "failures": [],
          "pending": [],
          "skipped": [],
          "duration": 222,
          "root": false,
          "rootEmpty": false,
          "_timeout": 10000
        },
        {
          "uuid": "4480fa2d-30a5-4bef-9bf6-85d577fa5370",
          "title": "GET - Retrieve user",
          "fullFile": "/Users/putristphn/Documents/qa-engineer/digital-skola/APIAutomationReqres/tests/retrieveUser.test.js",
          "file": "/tests/retrieveUser.test.js",
          "beforeHooks": [],
          "afterHooks": [],
          "tests": [
            {
              "title": "should return user data with status 200",
              "fullTitle": "GET - Retrieve user should return user data with status 200",
              "timedOut": false,
              "duration": 36,
              "state": "passed",
              "speed": "fast",
              "pass": true,
              "fail": false,
              "pending": false,
              "context": null,
              "code": "const response = await fetch(\"https://reqres.in/api/users/2\");\nconst data = await response.json();\nexpect(response.status).to.equal(200);\nexpect(data.data).to.have.property(\"id\");\nexpect(data.data).to.have.property(\"email\");",
              "err": {},
              "uuid": "c45da54b-6330-469c-87ef-aad2af2f478b",
              "parentUUID": "4480fa2d-30a5-4bef-9bf6-85d577fa5370",
              "isHook": false,
              "skipped": false
            }
          ],
          "suites": [],
          "passes": [
            "c45da54b-6330-469c-87ef-aad2af2f478b"
          ],
          "failures": [],
          "pending": [],
          "skipped": [],
          "duration": 36,
          "root": false,
          "rootEmpty": false,
          "_timeout": 10000
        },
        {
          "uuid": "0a7cd2a7-4e59-447a-8473-d9563fdb8808",
          "title": "PATCH - Update user",
          "fullFile": "/Users/putristphn/Documents/qa-engineer/digital-skola/APIAutomationReqres/tests/updateUser.test.js",
          "file": "/tests/updateUser.test.js",
          "beforeHooks": [],
          "afterHooks": [],
          "tests": [
            {
              "title": "should update user job successfully",
              "fullTitle": "PATCH - Update user should update user job successfully",
              "timedOut": false,
              "duration": 213,
              "state": "passed",
              "speed": "slow",
              "pass": true,
              "fail": false,
              "pending": false,
              "context": null,
              "code": "const response = await fetch(\"https://reqres.in/api/users/2\", {\n  method: \"PATCH\",\n  headers: {\n    \"Content-Type\": \"application/json\",\n    \"x-api-key\": \"reqres-free-v1\"\n  },\n  body: JSON.stringify({\n    name: \"morpheus\",\n    job: \"zion resident\"\n  })\n});\nconst data = await response.json();\nexpect(response.status).to.equal(200);\nexpect(data.name).to.equal(\"morpheus\");\nexpect(data.job).to.equal(\"zion resident\");\nexpect(data).to.have.property(\"updatedAt\");",
              "err": {},
              "uuid": "6ff519ad-0ccc-4c3d-ad47-e4ea0f1d660f",
              "parentUUID": "0a7cd2a7-4e59-447a-8473-d9563fdb8808",
              "isHook": false,
              "skipped": false
            }
          ],
          "suites": [],
          "passes": [
            "6ff519ad-0ccc-4c3d-ad47-e4ea0f1d660f"
          ],
          "failures": [],
          "pending": [],
          "skipped": [],
          "duration": 213,
          "root": false,
          "rootEmpty": false,
          "_timeout": 10000
        }
      ],
      "passes": [],
      "failures": [],
      "pending": [],
      "skipped": [],
      "duration": 0,
      "root": true,
      "rootEmpty": true,
      "_timeout": 10000
    }
  ],
  "meta": {
    "mocha": {
      "version": "11.7.4"
    },
    "mochawesome": {
      "options": {
        "quiet": false,
        "reportFilename": "mochawesome",
        "saveHtml": true,
        "saveJson": true,
        "consoleReporter": "spec",
        "useInlineDiffs": false,
        "code": true
      },
      "version": "7.1.4"
    },
    "marge": {
      "options": null,
      "version": "6.3.0"
    }
  }
}